<?xml version="1.0" encoding="UTF-8"?>
<testsuite name="com.duyngoc.BlackJackApplicationTests" time="0" tests="1" errors="0" skipped="0" failures="0">
  <properties>
    <property name="java.runtime.name" value="Java(TM) SE Runtime Environment"/>
    <property name="sun.boot.library.path" value="C:\Program Files\Java\jdk1.8.0_65\jre\bin"/>
    <property name="java.vm.version" value="25.65-b01"/>
    <property name="java.vm.vendor" value="Oracle Corporation"/>
    <property name="maven.multiModuleProjectDirectory" value="C:\Users\51202_000\Documents\workspace-sts-3.8.3.RELEASE\blackJack"/>
    <property name="java.vendor.url" value="http://java.oracle.com/"/>
    <property name="path.separator" value=";"/>
    <property name="guice.disable.misplaced.annotation.check" value="true"/>
    <property name="java.vm.name" value="Java HotSpot(TM) 64-Bit Server VM"/>
    <property name="file.encoding.pkg" value="sun.io"/>
    <property name="user.script" value=""/>
    <property name="user.country" value="US"/>
    <property name="sun.java.launcher" value="SUN_STANDARD"/>
    <property name="sun.os.patch.level" value=""/>
    <property name="java.vm.specification.name" value="Java Virtual Machine Specification"/>
    <property name="user.dir" value="C:\Users\51202_000\Documents\workspace-sts-3.8.3.RELEASE\blackJack"/>
    <property name="java.runtime.version" value="1.8.0_65-b17"/>
    <property name="java.awt.graphicsenv" value="sun.awt.Win32GraphicsEnvironment"/>
    <property name="java.endorsed.dirs" value="C:\Program Files\Java\jdk1.8.0_65\jre\lib\endorsed"/>
    <property name="os.arch" value="amd64"/>
    <property name="java.io.tmpdir" value="C:\Users\51202_~1\AppData\Local\Temp\"/>
    <property name="line.separator" value="&#10;"/>
    <property name="java.vm.specification.vendor" value="Oracle Corporation"/>
    <property name="user.variant" value=""/>
    <property name="os.name" value="Windows 8.1"/>
    <property name="classworlds.conf" value="C:\data\apache-maven-3.3.9\bin\..\bin\m2.conf"/>
    <property name="sun.jnu.encoding" value="Cp1252"/>
    <property name="java.library.path" value="C:\Program Files\Java\jdk1.8.0_65\bin;C:\windows\Sun\Java\bin;C:\windows\system32;C:\windows;C:\Program Files\Java\jdk1.8.0_65\bin;C:\Program Files (x86)\Lenovo\FusionEngine;C:\Program Files (x86)\Intel\iCLS Client\;C:\Program Files\Intel\iCLS Client\;C:\Program Files (x86)\NVIDIA Corporation\PhysX\Common;C:\windows\system32;C:\windows;C:\windows\System32\Wbem;C:\windows\System32\WindowsPowerShell\v1.0\;C:\Program Files\Intel\Intel(R) Management Engine Components\DAL;C:\Program Files\Intel\Intel(R) Management Engine Components\IPT;C:\Program Files (x86)\Intel\Intel(R) Management Engine Components\DAL;C:\Program Files (x86)\Intel\Intel(R) Management Engine Components\IPT;C:\Program Files\Intel\WiFi\bin\;C:\Program Files\Common Files\Intel\WirelessCommon\;C:\Program Files\MATLAB\R2011b\runtime\win64;C:\Program Files\MATLAB\R2011b\bin;C:\Program Files (x86)\MySQL\MySQL Fabric 1.5 &amp; MySQL Utilities 1.5\;C:\Program Files (x86)\MySQL\MySQL Fabric 1.5 &amp; MySQL Utilities 1.5\Doctrine extensions for PHP\;C:\Program Files (x86)\Windows Kits\8.1\Windows Performance Toolkit\;C:\Program Files\Microsoft SQL Server\110\Tools\Binn\;C:\Program Files (x86)\Microsoft SDKs\TypeScript\1.0\;C:\Program Files\Microsoft SQL Server\120\Tools\Binn\;C:\Program Files\nodejs\;C:\Program Files (x86)\Brackets\command;C:\windows\system32\config\systemprofile\.dnx\bin;C:\Program Files\Microsoft DNX\Dnvm\;C:\Program Files\Microsoft SQL Server\130\Tools\Binn\;C:\Ruby23-x64\bin;C:\Program Files (x86)\Skype\Phone\;C:\Program Files\Git\cmd;C:\Program Files\Git\mingw64\bin;C:\Program Files\Git\usr\bin;C:\Program Files\PostgreSQL\9.6\bin;C:\Ruby23-x64\bin;C:\Users\51202_000\Anaconda3;C:\Users\51202_000\Anaconda3\Scripts;C:\Users\51202_000\Anaconda3\Library\bin;C:\Users\51202_000\.dnx\bin;C:\Program Files\MySQL\MySQL Server 5.7\bin;C:\Program Files (x86)\proXPN\bin;C:\data\apache-maven-3.3.9\bin;C:\Program Files\Java\jdk1.8.0_65\bin;C:\Program Files (x86)\apache-tomcat-8.0.38\bin;C:\Users\51202_000\AppData\Roaming\npm;C:\Users\51202_000\AppData\Local\atom\bin;C:\Program Files\7-Zip;C:\Program Files\Heroku\bin;C:\Program Files\PostgreSQL\9.6\bin;."/>
    <property name="java.specification.name" value="Java Platform API Specification"/>
    <property name="java.class.version" value="52.0"/>
    <property name="sun.management.compiler" value="HotSpot 64-Bit Tiered Compilers"/>
    <property name="os.version" value="6.3"/>
    <property name="user.home" value="C:\Users\51202_000"/>
    <property name="user.timezone" value="Europe/Helsinki"/>
    <property name="java.awt.printerjob" value="sun.awt.windows.WPrinterJob"/>
    <property name="java.specification.version" value="1.8"/>
    <property name="file.encoding" value="Cp1252"/>
    <property name="user.name" value="51202_000"/>
    <property name="java.class.path" value="C:\data\apache-maven-3.3.9\bin\..\boot\plexus-classworlds-2.5.2.jar"/>
    <property name="java.vm.specification.version" value="1.8"/>
    <property name="sun.arch.data.model" value="64"/>
    <property name="java.home" value="C:\Program Files\Java\jdk1.8.0_65\jre"/>
    <property name="sun.java.command" value="org.codehaus.plexus.classworlds.launcher.Launcher package"/>
    <property name="java.specification.vendor" value="Oracle Corporation"/>
    <property name="user.language" value="en"/>
    <property name="awt.toolkit" value="sun.awt.windows.WToolkit"/>
    <property name="java.vm.info" value="mixed mode"/>
    <property name="java.version" value="1.8.0_65"/>
    <property name="java.ext.dirs" value="C:\Program Files\Java\jdk1.8.0_65\jre\lib\ext;C:\windows\Sun\Java\lib\ext"/>
    <property name="sun.boot.class.path" value="C:\Program Files\Java\jdk1.8.0_65\jre\lib\resources.jar;C:\Program Files\Java\jdk1.8.0_65\jre\lib\rt.jar;C:\Program Files\Java\jdk1.8.0_65\jre\lib\sunrsasign.jar;C:\Program Files\Java\jdk1.8.0_65\jre\lib\jsse.jar;C:\Program Files\Java\jdk1.8.0_65\jre\lib\jce.jar;C:\Program Files\Java\jdk1.8.0_65\jre\lib\charsets.jar;C:\Program Files\Java\jdk1.8.0_65\jre\lib\jfr.jar;C:\Program Files\Java\jdk1.8.0_65\jre\classes"/>
    <property name="sun.stderr.encoding" value="cp437"/>
    <property name="java.vendor" value="Oracle Corporation"/>
    <property name="maven.home" value="C:\data\apache-maven-3.3.9\bin\.."/>
    <property name="file.separator" value="\"/>
    <property name="java.vendor.url.bug" value="http://bugreport.sun.com/bugreport/"/>
    <property name="sun.cpu.endian" value="little"/>
    <property name="sun.io.unicode.encoding" value="UnicodeLittle"/>
    <property name="sun.stdout.encoding" value="cp437"/>
    <property name="sun.desktop" value="windows"/>
    <property name="sun.cpu.isalist" value="amd64"/>
  </properties>
  <testcase name="contextLoads" classname="com.duyngoc.BlackJackApplicationTests" time="0"/>
</testsuite>